<?xml version="1.0" encoding="UTF-8"?>
<testsuites>
  <testsuite name="" tests="96" assertions="256" errors="0" warnings="0" failures="0" skipped="0" time="55.285809">
    <testsuite name="Unit" tests="80" assertions="128" errors="0" warnings="0" failures="0" skipped="0" time="45.389972">
      <testsuite name="EolabsIo\PriceFeeds\Tests\Unit\Binance\LiveTickerTest" file="/Users/timhall/code/packages/price-feeds/tests/Unit/Binance/LiveTickerTest.php" tests="5" assertions="8" errors="0" warnings="0" failures="0" skipped="0" time="2.607366">
        <testcase name="it_can_find_models" class="EolabsIo\PriceFeeds\Tests\Unit\Binance\LiveTickerTest" classname="EolabsIo.PriceFeeds.Tests.Unit.Binance.LiveTickerTest" file="/Users/timhall/code/packages/price-feeds/tests/Unit/Binance/LiveTickerTest.php" line="34" assertions="1" time="0.601524"/>
        <testcase name="it_can_create_a_model" class="EolabsIo\PriceFeeds\Tests\Unit\Binance\LiveTickerTest" classname="EolabsIo.PriceFeeds.Tests.Unit.Binance.LiveTickerTest" file="/Users/timhall/code/packages/price-feeds/tests/Unit/Binance/LiveTickerTest.php" line="44" assertions="2" time="0.512948"/>
        <testcase name="it_can_find_a_model" class="EolabsIo\PriceFeeds\Tests\Unit\Binance\LiveTickerTest" classname="EolabsIo.PriceFeeds.Tests.Unit.Binance.LiveTickerTest" file="/Users/timhall/code/packages/price-feeds/tests/Unit/Binance/LiveTickerTest.php" line="56" assertions="2" time="0.505009"/>
        <testcase name="it_can_update_a_model" class="EolabsIo\PriceFeeds\Tests\Unit\Binance\LiveTickerTest" classname="EolabsIo.PriceFeeds.Tests.Unit.Binance.LiveTickerTest" file="/Users/timhall/code/packages/price-feeds/tests/Unit/Binance/LiveTickerTest.php" line="68" assertions="2" time="0.492481"/>
        <testcase name="it_can_delete_a_model" class="EolabsIo\PriceFeeds\Tests\Unit\Binance\LiveTickerTest" classname="EolabsIo.PriceFeeds.Tests.Unit.Binance.LiveTickerTest" file="/Users/timhall/code/packages/price-feeds/tests/Unit/Binance/LiveTickerTest.php" line="82" assertions="1" time="0.495404"/>
      </testsuite>
      <testsuite name="EolabsIo\PriceFeeds\Tests\Unit\Binance\TickerSummaryTest" file="/Users/timhall/code/packages/price-feeds/tests/Unit/Binance/TickerSummaryTest.php" tests="5" assertions="8" errors="0" warnings="0" failures="0" skipped="0" time="2.448944">
        <testcase name="it_can_find_models" class="EolabsIo\PriceFeeds\Tests\Unit\Binance\TickerSummaryTest" classname="EolabsIo.PriceFeeds.Tests.Unit.Binance.TickerSummaryTest" file="/Users/timhall/code/packages/price-feeds/tests/Unit/Binance/TickerSummaryTest.php" line="34" assertions="1" time="0.480376"/>
        <testcase name="it_can_create_a_model" class="EolabsIo\PriceFeeds\Tests\Unit\Binance\TickerSummaryTest" classname="EolabsIo.PriceFeeds.Tests.Unit.Binance.TickerSummaryTest" file="/Users/timhall/code/packages/price-feeds/tests/Unit/Binance/TickerSummaryTest.php" line="44" assertions="2" time="0.491045"/>
        <testcase name="it_can_find_a_model" class="EolabsIo\PriceFeeds\Tests\Unit\Binance\TickerSummaryTest" classname="EolabsIo.PriceFeeds.Tests.Unit.Binance.TickerSummaryTest" file="/Users/timhall/code/packages/price-feeds/tests/Unit/Binance/TickerSummaryTest.php" line="56" assertions="2" time="0.490965"/>
        <testcase name="it_can_update_a_model" class="EolabsIo\PriceFeeds\Tests\Unit\Binance\TickerSummaryTest" classname="EolabsIo.PriceFeeds.Tests.Unit.Binance.TickerSummaryTest" file="/Users/timhall/code/packages/price-feeds/tests/Unit/Binance/TickerSummaryTest.php" line="68" assertions="2" time="0.492641"/>
        <testcase name="it_can_delete_a_model" class="EolabsIo\PriceFeeds\Tests\Unit\Binance\TickerSummaryTest" classname="EolabsIo.PriceFeeds.Tests.Unit.Binance.TickerSummaryTest" file="/Users/timhall/code/packages/price-feeds/tests/Unit/Binance/TickerSummaryTest.php" line="82" assertions="1" time="0.493917"/>
      </testsuite>
      <testsuite name="EolabsIo\PriceFeeds\Tests\Unit\Bitfinex\LiveTickerTest" file="/Users/timhall/code/packages/price-feeds/tests/Unit/Bitfinex/LiveTickerTest.php" tests="5" assertions="8" errors="0" warnings="0" failures="0" skipped="0" time="2.490920">
        <testcase name="it_can_find_models" class="EolabsIo\PriceFeeds\Tests\Unit\Bitfinex\LiveTickerTest" classname="EolabsIo.PriceFeeds.Tests.Unit.Bitfinex.LiveTickerTest" file="/Users/timhall/code/packages/price-feeds/tests/Unit/Bitfinex/LiveTickerTest.php" line="34" assertions="1" time="0.501916"/>
        <testcase name="it_can_create_a_model" class="EolabsIo\PriceFeeds\Tests\Unit\Bitfinex\LiveTickerTest" classname="EolabsIo.PriceFeeds.Tests.Unit.Bitfinex.LiveTickerTest" file="/Users/timhall/code/packages/price-feeds/tests/Unit/Bitfinex/LiveTickerTest.php" line="44" assertions="2" time="0.499975"/>
        <testcase name="it_can_find_a_model" class="EolabsIo\PriceFeeds\Tests\Unit\Bitfinex\LiveTickerTest" classname="EolabsIo.PriceFeeds.Tests.Unit.Bitfinex.LiveTickerTest" file="/Users/timhall/code/packages/price-feeds/tests/Unit/Bitfinex/LiveTickerTest.php" line="56" assertions="2" time="0.516454"/>
        <testcase name="it_can_update_a_model" class="EolabsIo\PriceFeeds\Tests\Unit\Bitfinex\LiveTickerTest" classname="EolabsIo.PriceFeeds.Tests.Unit.Bitfinex.LiveTickerTest" file="/Users/timhall/code/packages/price-feeds/tests/Unit/Bitfinex/LiveTickerTest.php" line="68" assertions="2" time="0.491863"/>
        <testcase name="it_can_delete_a_model" class="EolabsIo\PriceFeeds\Tests\Unit\Bitfinex\LiveTickerTest" classname="EolabsIo.PriceFeeds.Tests.Unit.Bitfinex.LiveTickerTest" file="/Users/timhall/code/packages/price-feeds/tests/Unit/Bitfinex/LiveTickerTest.php" line="82" assertions="1" time="0.480713"/>
      </testsuite>
      <testsuite name="EolabsIo\PriceFeeds\Tests\Unit\Bitfinex\TickerSummaryTest" file="/Users/timhall/code/packages/price-feeds/tests/Unit/Bitfinex/TickerSummaryTest.php" tests="5" assertions="8" errors="0" warnings="0" failures="0" skipped="0" time="2.452494">
        <testcase name="it_can_find_models" class="EolabsIo\PriceFeeds\Tests\Unit\Bitfinex\TickerSummaryTest" classname="EolabsIo.PriceFeeds.Tests.Unit.Bitfinex.TickerSummaryTest" file="/Users/timhall/code/packages/price-feeds/tests/Unit/Bitfinex/TickerSummaryTest.php" line="34" assertions="1" time="0.516232"/>
        <testcase name="it_can_create_a_model" class="EolabsIo\PriceFeeds\Tests\Unit\Bitfinex\TickerSummaryTest" classname="EolabsIo.PriceFeeds.Tests.Unit.Bitfinex.TickerSummaryTest" file="/Users/timhall/code/packages/price-feeds/tests/Unit/Bitfinex/TickerSummaryTest.php" line="44" assertions="2" time="0.494821"/>
        <testcase name="it_can_find_a_model" class="EolabsIo\PriceFeeds\Tests\Unit\Bitfinex\TickerSummaryTest" classname="EolabsIo.PriceFeeds.Tests.Unit.Bitfinex.TickerSummaryTest" file="/Users/timhall/code/packages/price-feeds/tests/Unit/Bitfinex/TickerSummaryTest.php" line="56" assertions="2" time="0.471193"/>
        <testcase name="it_can_update_a_model" class="EolabsIo\PriceFeeds\Tests\Unit\Bitfinex\TickerSummaryTest" classname="EolabsIo.PriceFeeds.Tests.Unit.Bitfinex.TickerSummaryTest" file="/Users/timhall/code/packages/price-feeds/tests/Unit/Bitfinex/TickerSummaryTest.php" line="68" assertions="2" time="0.498391"/>
        <testcase name="it_can_delete_a_model" class="EolabsIo\PriceFeeds\Tests\Unit\Bitfinex\TickerSummaryTest" classname="EolabsIo.PriceFeeds.Tests.Unit.Bitfinex.TickerSummaryTest" file="/Users/timhall/code/packages/price-feeds/tests/Unit/Bitfinex/TickerSummaryTest.php" line="82" assertions="1" time="0.471857"/>
      </testsuite>
      <testsuite name="EolabsIo\PriceFeeds\Tests\Unit\Bitrue\LiveTickerTest" file="/Users/timhall/code/packages/price-feeds/tests/Unit/Bitrue/LiveTickerTest.php" tests="5" assertions="8" errors="0" warnings="0" failures="0" skipped="0" time="2.478839">
        <testcase name="it_can_find_models" class="EolabsIo\PriceFeeds\Tests\Unit\Bitrue\LiveTickerTest" classname="EolabsIo.PriceFeeds.Tests.Unit.Bitrue.LiveTickerTest" file="/Users/timhall/code/packages/price-feeds/tests/Unit/Bitrue/LiveTickerTest.php" line="34" assertions="1" time="0.493955"/>
        <testcase name="it_can_create_a_model" class="EolabsIo\PriceFeeds\Tests\Unit\Bitrue\LiveTickerTest" classname="EolabsIo.PriceFeeds.Tests.Unit.Bitrue.LiveTickerTest" file="/Users/timhall/code/packages/price-feeds/tests/Unit/Bitrue/LiveTickerTest.php" line="44" assertions="2" time="0.495854"/>
        <testcase name="it_can_find_a_model" class="EolabsIo\PriceFeeds\Tests\Unit\Bitrue\LiveTickerTest" classname="EolabsIo.PriceFeeds.Tests.Unit.Bitrue.LiveTickerTest" file="/Users/timhall/code/packages/price-feeds/tests/Unit/Bitrue/LiveTickerTest.php" line="56" assertions="2" time="0.489931"/>
        <testcase name="it_can_update_a_model" class="EolabsIo\PriceFeeds\Tests\Unit\Bitrue\LiveTickerTest" classname="EolabsIo.PriceFeeds.Tests.Unit.Bitrue.LiveTickerTest" file="/Users/timhall/code/packages/price-feeds/tests/Unit/Bitrue/LiveTickerTest.php" line="68" assertions="2" time="0.504419"/>
        <testcase name="it_can_delete_a_model" class="EolabsIo\PriceFeeds\Tests\Unit\Bitrue\LiveTickerTest" classname="EolabsIo.PriceFeeds.Tests.Unit.Bitrue.LiveTickerTest" file="/Users/timhall/code/packages/price-feeds/tests/Unit/Bitrue/LiveTickerTest.php" line="82" assertions="1" time="0.494680"/>
      </testsuite>
      <testsuite name="EolabsIo\PriceFeeds\Tests\Unit\Bitrue\TickerSummaryTest" file="/Users/timhall/code/packages/price-feeds/tests/Unit/Bitrue/TickerSummaryTest.php" tests="5" assertions="8" errors="0" warnings="0" failures="0" skipped="0" time="2.851060">
        <testcase name="it_can_find_models" class="EolabsIo\PriceFeeds\Tests\Unit\Bitrue\TickerSummaryTest" classname="EolabsIo.PriceFeeds.Tests.Unit.Bitrue.TickerSummaryTest" file="/Users/timhall/code/packages/price-feeds/tests/Unit/Bitrue/TickerSummaryTest.php" line="34" assertions="1" time="0.516220"/>
        <testcase name="it_can_create_a_model" class="EolabsIo\PriceFeeds\Tests\Unit\Bitrue\TickerSummaryTest" classname="EolabsIo.PriceFeeds.Tests.Unit.Bitrue.TickerSummaryTest" file="/Users/timhall/code/packages/price-feeds/tests/Unit/Bitrue/TickerSummaryTest.php" line="44" assertions="2" time="0.549142"/>
        <testcase name="it_can_find_a_model" class="EolabsIo\PriceFeeds\Tests\Unit\Bitrue\TickerSummaryTest" classname="EolabsIo.PriceFeeds.Tests.Unit.Bitrue.TickerSummaryTest" file="/Users/timhall/code/packages/price-feeds/tests/Unit/Bitrue/TickerSummaryTest.php" line="56" assertions="2" time="0.638573"/>
        <testcase name="it_can_update_a_model" class="EolabsIo\PriceFeeds\Tests\Unit\Bitrue\TickerSummaryTest" classname="EolabsIo.PriceFeeds.Tests.Unit.Bitrue.TickerSummaryTest" file="/Users/timhall/code/packages/price-feeds/tests/Unit/Bitrue/TickerSummaryTest.php" line="68" assertions="2" time="0.594294"/>
        <testcase name="it_can_delete_a_model" class="EolabsIo\PriceFeeds\Tests\Unit\Bitrue\TickerSummaryTest" classname="EolabsIo.PriceFeeds.Tests.Unit.Bitrue.TickerSummaryTest" file="/Users/timhall/code/packages/price-feeds/tests/Unit/Bitrue/TickerSummaryTest.php" line="82" assertions="1" time="0.552831"/>
      </testsuite>
      <testsuite name="EolabsIo\PriceFeeds\Tests\Unit\Bitstamp\LiveTickerTest" file="/Users/timhall/code/packages/price-feeds/tests/Unit/Bitstamp/LiveTickerTest.php" tests="5" assertions="8" errors="0" warnings="0" failures="0" skipped="0" time="2.861709">
        <testcase name="it_can_find_models" class="EolabsIo\PriceFeeds\Tests\Unit\Bitstamp\LiveTickerTest" classname="EolabsIo.PriceFeeds.Tests.Unit.Bitstamp.LiveTickerTest" file="/Users/timhall/code/packages/price-feeds/tests/Unit/Bitstamp/LiveTickerTest.php" line="34" assertions="1" time="0.616082"/>
        <testcase name="it_can_create_a_model" class="EolabsIo\PriceFeeds\Tests\Unit\Bitstamp\LiveTickerTest" classname="EolabsIo.PriceFeeds.Tests.Unit.Bitstamp.LiveTickerTest" file="/Users/timhall/code/packages/price-feeds/tests/Unit/Bitstamp/LiveTickerTest.php" line="44" assertions="2" time="0.560861"/>
        <testcase name="it_can_find_a_model" class="EolabsIo\PriceFeeds\Tests\Unit\Bitstamp\LiveTickerTest" classname="EolabsIo.PriceFeeds.Tests.Unit.Bitstamp.LiveTickerTest" file="/Users/timhall/code/packages/price-feeds/tests/Unit/Bitstamp/LiveTickerTest.php" line="56" assertions="2" time="0.566857"/>
        <testcase name="it_can_update_a_model" class="EolabsIo\PriceFeeds\Tests\Unit\Bitstamp\LiveTickerTest" classname="EolabsIo.PriceFeeds.Tests.Unit.Bitstamp.LiveTickerTest" file="/Users/timhall/code/packages/price-feeds/tests/Unit/Bitstamp/LiveTickerTest.php" line="68" assertions="2" time="0.552654"/>
        <testcase name="it_can_delete_a_model" class="EolabsIo\PriceFeeds\Tests\Unit\Bitstamp\LiveTickerTest" classname="EolabsIo.PriceFeeds.Tests.Unit.Bitstamp.LiveTickerTest" file="/Users/timhall/code/packages/price-feeds/tests/Unit/Bitstamp/LiveTickerTest.php" line="82" assertions="1" time="0.565257"/>
      </testsuite>
      <testsuite name="EolabsIo\PriceFeeds\Tests\Unit\Bitstamp\TickerSummaryTest" file="/Users/timhall/code/packages/price-feeds/tests/Unit/Bitstamp/TickerSummaryTest.php" tests="5" assertions="8" errors="0" warnings="0" failures="0" skipped="0" time="3.028078">
        <testcase name="it_can_find_models" class="EolabsIo\PriceFeeds\Tests\Unit\Bitstamp\TickerSummaryTest" classname="EolabsIo.PriceFeeds.Tests.Unit.Bitstamp.TickerSummaryTest" file="/Users/timhall/code/packages/price-feeds/tests/Unit/Bitstamp/TickerSummaryTest.php" line="34" assertions="1" time="0.620505"/>
        <testcase name="it_can_create_a_model" class="EolabsIo\PriceFeeds\Tests\Unit\Bitstamp\TickerSummaryTest" classname="EolabsIo.PriceFeeds.Tests.Unit.Bitstamp.TickerSummaryTest" file="/Users/timhall/code/packages/price-feeds/tests/Unit/Bitstamp/TickerSummaryTest.php" line="44" assertions="2" time="0.530986"/>
        <testcase name="it_can_find_a_model" class="EolabsIo\PriceFeeds\Tests\Unit\Bitstamp\TickerSummaryTest" classname="EolabsIo.PriceFeeds.Tests.Unit.Bitstamp.TickerSummaryTest" file="/Users/timhall/code/packages/price-feeds/tests/Unit/Bitstamp/TickerSummaryTest.php" line="56" assertions="2" time="0.671512"/>
        <testcase name="it_can_update_a_model" class="EolabsIo\PriceFeeds\Tests\Unit\Bitstamp\TickerSummaryTest" classname="EolabsIo.PriceFeeds.Tests.Unit.Bitstamp.TickerSummaryTest" file="/Users/timhall/code/packages/price-feeds/tests/Unit/Bitstamp/TickerSummaryTest.php" line="68" assertions="2" time="0.634080"/>
        <testcase name="it_can_delete_a_model" class="EolabsIo\PriceFeeds\Tests\Unit\Bitstamp\TickerSummaryTest" classname="EolabsIo.PriceFeeds.Tests.Unit.Bitstamp.TickerSummaryTest" file="/Users/timhall/code/packages/price-feeds/tests/Unit/Bitstamp/TickerSummaryTest.php" line="82" assertions="1" time="0.570994"/>
      </testsuite>
      <testsuite name="EolabsIo\PriceFeeds\Tests\Unit\Coinbase\LiveTickerTest" file="/Users/timhall/code/packages/price-feeds/tests/Unit/Coinbase/LiveTickerTest.php" tests="5" assertions="8" errors="0" warnings="0" failures="0" skipped="0" time="3.037632">
        <testcase name="it_can_find_models" class="EolabsIo\PriceFeeds\Tests\Unit\Coinbase\LiveTickerTest" classname="EolabsIo.PriceFeeds.Tests.Unit.Coinbase.LiveTickerTest" file="/Users/timhall/code/packages/price-feeds/tests/Unit/Coinbase/LiveTickerTest.php" line="34" assertions="1" time="0.590300"/>
        <testcase name="it_can_create_a_model" class="EolabsIo\PriceFeeds\Tests\Unit\Coinbase\LiveTickerTest" classname="EolabsIo.PriceFeeds.Tests.Unit.Coinbase.LiveTickerTest" file="/Users/timhall/code/packages/price-feeds/tests/Unit/Coinbase/LiveTickerTest.php" line="44" assertions="2" time="0.552625"/>
        <testcase name="it_can_find_a_model" class="EolabsIo\PriceFeeds\Tests\Unit\Coinbase\LiveTickerTest" classname="EolabsIo.PriceFeeds.Tests.Unit.Coinbase.LiveTickerTest" file="/Users/timhall/code/packages/price-feeds/tests/Unit/Coinbase/LiveTickerTest.php" line="56" assertions="2" time="0.649706"/>
        <testcase name="it_can_update_a_model" class="EolabsIo\PriceFeeds\Tests\Unit\Coinbase\LiveTickerTest" classname="EolabsIo.PriceFeeds.Tests.Unit.Coinbase.LiveTickerTest" file="/Users/timhall/code/packages/price-feeds/tests/Unit/Coinbase/LiveTickerTest.php" line="68" assertions="2" time="0.618636"/>
        <testcase name="it_can_delete_a_model" class="EolabsIo\PriceFeeds\Tests\Unit\Coinbase\LiveTickerTest" classname="EolabsIo.PriceFeeds.Tests.Unit.Coinbase.LiveTickerTest" file="/Users/timhall/code/packages/price-feeds/tests/Unit/Coinbase/LiveTickerTest.php" line="82" assertions="1" time="0.626365"/>
      </testsuite>
      <testsuite name="EolabsIo\PriceFeeds\Tests\Unit\Coinbase\TickerSummaryTest" file="/Users/timhall/code/packages/price-feeds/tests/Unit/Coinbase/TickerSummaryTest.php" tests="5" assertions="8" errors="0" warnings="0" failures="0" skipped="0" time="3.068440">
        <testcase name="it_can_find_models" class="EolabsIo\PriceFeeds\Tests\Unit\Coinbase\TickerSummaryTest" classname="EolabsIo.PriceFeeds.Tests.Unit.Coinbase.TickerSummaryTest" file="/Users/timhall/code/packages/price-feeds/tests/Unit/Coinbase/TickerSummaryTest.php" line="34" assertions="1" time="0.623543"/>
        <testcase name="it_can_create_a_model" class="EolabsIo\PriceFeeds\Tests\Unit\Coinbase\TickerSummaryTest" classname="EolabsIo.PriceFeeds.Tests.Unit.Coinbase.TickerSummaryTest" file="/Users/timhall/code/packages/price-feeds/tests/Unit/Coinbase/TickerSummaryTest.php" line="44" assertions="2" time="0.535839"/>
        <testcase name="it_can_find_a_model" class="EolabsIo\PriceFeeds\Tests\Unit\Coinbase\TickerSummaryTest" classname="EolabsIo.PriceFeeds.Tests.Unit.Coinbase.TickerSummaryTest" file="/Users/timhall/code/packages/price-feeds/tests/Unit/Coinbase/TickerSummaryTest.php" line="56" assertions="2" time="0.663149"/>
        <testcase name="it_can_update_a_model" class="EolabsIo\PriceFeeds\Tests\Unit\Coinbase\TickerSummaryTest" classname="EolabsIo.PriceFeeds.Tests.Unit.Coinbase.TickerSummaryTest" file="/Users/timhall/code/packages/price-feeds/tests/Unit/Coinbase/TickerSummaryTest.php" line="68" assertions="2" time="0.619189"/>
        <testcase name="it_can_delete_a_model" class="EolabsIo\PriceFeeds\Tests\Unit\Coinbase\TickerSummaryTest" classname="EolabsIo.PriceFeeds.Tests.Unit.Coinbase.TickerSummaryTest" file="/Users/timhall/code/packages/price-feeds/tests/Unit/Coinbase/TickerSummaryTest.php" line="82" assertions="1" time="0.626719"/>
      </testsuite>
      <testsuite name="EolabsIo\PriceFeeds\Tests\Unit\Kraken\LiveTickerTest" file="/Users/timhall/code/packages/price-feeds/tests/Unit/Kraken/LiveTickerTest.php" tests="5" assertions="8" errors="0" warnings="0" failures="0" skipped="0" time="3.166852">
        <testcase name="it_can_find_models" class="EolabsIo\PriceFeeds\Tests\Unit\Kraken\LiveTickerTest" classname="EolabsIo.PriceFeeds.Tests.Unit.Kraken.LiveTickerTest" file="/Users/timhall/code/packages/price-feeds/tests/Unit/Kraken/LiveTickerTest.php" line="34" assertions="1" time="0.656083"/>
        <testcase name="it_can_create_a_model" class="EolabsIo\PriceFeeds\Tests\Unit\Kraken\LiveTickerTest" classname="EolabsIo.PriceFeeds.Tests.Unit.Kraken.LiveTickerTest" file="/Users/timhall/code/packages/price-feeds/tests/Unit/Kraken/LiveTickerTest.php" line="44" assertions="2" time="0.658163"/>
        <testcase name="it_can_find_a_model" class="EolabsIo\PriceFeeds\Tests\Unit\Kraken\LiveTickerTest" classname="EolabsIo.PriceFeeds.Tests.Unit.Kraken.LiveTickerTest" file="/Users/timhall/code/packages/price-feeds/tests/Unit/Kraken/LiveTickerTest.php" line="56" assertions="2" time="0.639654"/>
        <testcase name="it_can_update_a_model" class="EolabsIo\PriceFeeds\Tests\Unit\Kraken\LiveTickerTest" classname="EolabsIo.PriceFeeds.Tests.Unit.Kraken.LiveTickerTest" file="/Users/timhall/code/packages/price-feeds/tests/Unit/Kraken/LiveTickerTest.php" line="68" assertions="2" time="0.660321"/>
        <testcase name="it_can_delete_a_model" class="EolabsIo\PriceFeeds\Tests\Unit\Kraken\LiveTickerTest" classname="EolabsIo.PriceFeeds.Tests.Unit.Kraken.LiveTickerTest" file="/Users/timhall/code/packages/price-feeds/tests/Unit/Kraken/LiveTickerTest.php" line="82" assertions="1" time="0.552632"/>
      </testsuite>
      <testsuite name="EolabsIo\PriceFeeds\Tests\Unit\Kraken\TickerSummaryTest" file="/Users/timhall/code/packages/price-feeds/tests/Unit/Kraken/TickerSummaryTest.php" tests="5" assertions="8" errors="0" warnings="0" failures="0" skipped="0" time="2.939863">
        <testcase name="it_can_find_models" class="EolabsIo\PriceFeeds\Tests\Unit\Kraken\TickerSummaryTest" classname="EolabsIo.PriceFeeds.Tests.Unit.Kraken.TickerSummaryTest" file="/Users/timhall/code/packages/price-feeds/tests/Unit/Kraken/TickerSummaryTest.php" line="34" assertions="1" time="0.589470"/>
        <testcase name="it_can_create_a_model" class="EolabsIo\PriceFeeds\Tests\Unit\Kraken\TickerSummaryTest" classname="EolabsIo.PriceFeeds.Tests.Unit.Kraken.TickerSummaryTest" file="/Users/timhall/code/packages/price-feeds/tests/Unit/Kraken/TickerSummaryTest.php" line="44" assertions="2" time="0.586076"/>
        <testcase name="it_can_find_a_model" class="EolabsIo\PriceFeeds\Tests\Unit\Kraken\TickerSummaryTest" classname="EolabsIo.PriceFeeds.Tests.Unit.Kraken.TickerSummaryTest" file="/Users/timhall/code/packages/price-feeds/tests/Unit/Kraken/TickerSummaryTest.php" line="56" assertions="2" time="0.613062"/>
        <testcase name="it_can_update_a_model" class="EolabsIo\PriceFeeds\Tests\Unit\Kraken\TickerSummaryTest" classname="EolabsIo.PriceFeeds.Tests.Unit.Kraken.TickerSummaryTest" file="/Users/timhall/code/packages/price-feeds/tests/Unit/Kraken/TickerSummaryTest.php" line="68" assertions="2" time="0.591481"/>
        <testcase name="it_can_delete_a_model" class="EolabsIo\PriceFeeds\Tests\Unit\Kraken\TickerSummaryTest" classname="EolabsIo.PriceFeeds.Tests.Unit.Kraken.TickerSummaryTest" file="/Users/timhall/code/packages/price-feeds/tests/Unit/Kraken/TickerSummaryTest.php" line="82" assertions="1" time="0.559774"/>
      </testsuite>
      <testsuite name="EolabsIo\PriceFeeds\Tests\Unit\Kucoin\LiveTickerTest" file="/Users/timhall/code/packages/price-feeds/tests/Unit/Kucoin/LiveTickerTest.php" tests="5" assertions="8" errors="0" warnings="0" failures="0" skipped="0" time="2.932103">
        <testcase name="it_can_find_models" class="EolabsIo\PriceFeeds\Tests\Unit\Kucoin\LiveTickerTest" classname="EolabsIo.PriceFeeds.Tests.Unit.Kucoin.LiveTickerTest" file="/Users/timhall/code/packages/price-feeds/tests/Unit/Kucoin/LiveTickerTest.php" line="34" assertions="1" time="0.563881"/>
        <testcase name="it_can_create_a_model" class="EolabsIo\PriceFeeds\Tests\Unit\Kucoin\LiveTickerTest" classname="EolabsIo.PriceFeeds.Tests.Unit.Kucoin.LiveTickerTest" file="/Users/timhall/code/packages/price-feeds/tests/Unit/Kucoin/LiveTickerTest.php" line="44" assertions="2" time="0.615268"/>
        <testcase name="it_can_find_a_model" class="EolabsIo\PriceFeeds\Tests\Unit\Kucoin\LiveTickerTest" classname="EolabsIo.PriceFeeds.Tests.Unit.Kucoin.LiveTickerTest" file="/Users/timhall/code/packages/price-feeds/tests/Unit/Kucoin/LiveTickerTest.php" line="56" assertions="2" time="0.606692"/>
        <testcase name="it_can_update_a_model" class="EolabsIo\PriceFeeds\Tests\Unit\Kucoin\LiveTickerTest" classname="EolabsIo.PriceFeeds.Tests.Unit.Kucoin.LiveTickerTest" file="/Users/timhall/code/packages/price-feeds/tests/Unit/Kucoin/LiveTickerTest.php" line="68" assertions="2" time="0.584411"/>
        <testcase name="it_can_delete_a_model" class="EolabsIo\PriceFeeds\Tests\Unit\Kucoin\LiveTickerTest" classname="EolabsIo.PriceFeeds.Tests.Unit.Kucoin.LiveTickerTest" file="/Users/timhall/code/packages/price-feeds/tests/Unit/Kucoin/LiveTickerTest.php" line="82" assertions="1" time="0.561851"/>
      </testsuite>
      <testsuite name="EolabsIo\PriceFeeds\Tests\Unit\Kucoin\TickerSummaryTest" file="/Users/timhall/code/packages/price-feeds/tests/Unit/Kucoin/TickerSummaryTest.php" tests="5" assertions="8" errors="0" warnings="0" failures="0" skipped="0" time="3.087635">
        <testcase name="it_can_find_models" class="EolabsIo\PriceFeeds\Tests\Unit\Kucoin\TickerSummaryTest" classname="EolabsIo.PriceFeeds.Tests.Unit.Kucoin.TickerSummaryTest" file="/Users/timhall/code/packages/price-feeds/tests/Unit/Kucoin/TickerSummaryTest.php" line="34" assertions="1" time="0.588781"/>
        <testcase name="it_can_create_a_model" class="EolabsIo\PriceFeeds\Tests\Unit\Kucoin\TickerSummaryTest" classname="EolabsIo.PriceFeeds.Tests.Unit.Kucoin.TickerSummaryTest" file="/Users/timhall/code/packages/price-feeds/tests/Unit/Kucoin/TickerSummaryTest.php" line="44" assertions="2" time="0.586468"/>
        <testcase name="it_can_find_a_model" class="EolabsIo\PriceFeeds\Tests\Unit\Kucoin\TickerSummaryTest" classname="EolabsIo.PriceFeeds.Tests.Unit.Kucoin.TickerSummaryTest" file="/Users/timhall/code/packages/price-feeds/tests/Unit/Kucoin/TickerSummaryTest.php" line="56" assertions="2" time="0.628521"/>
        <testcase name="it_can_update_a_model" class="EolabsIo\PriceFeeds\Tests\Unit\Kucoin\TickerSummaryTest" classname="EolabsIo.PriceFeeds.Tests.Unit.Kucoin.TickerSummaryTest" file="/Users/timhall/code/packages/price-feeds/tests/Unit/Kucoin/TickerSummaryTest.php" line="68" assertions="2" time="0.607927"/>
        <testcase name="it_can_delete_a_model" class="EolabsIo\PriceFeeds\Tests\Unit\Kucoin\TickerSummaryTest" classname="EolabsIo.PriceFeeds.Tests.Unit.Kucoin.TickerSummaryTest" file="/Users/timhall/code/packages/price-feeds/tests/Unit/Kucoin/TickerSummaryTest.php" line="82" assertions="1" time="0.675937"/>
      </testsuite>
      <testsuite name="EolabsIo\PriceFeeds\Tests\Unit\Okex\LiveTickerTest" file="/Users/timhall/code/packages/price-feeds/tests/Unit/Okex/LiveTickerTest.php" tests="5" assertions="8" errors="0" warnings="0" failures="0" skipped="0" time="2.892229">
        <testcase name="it_can_find_models" class="EolabsIo\PriceFeeds\Tests\Unit\Okex\LiveTickerTest" classname="EolabsIo.PriceFeeds.Tests.Unit.Okex.LiveTickerTest" file="/Users/timhall/code/packages/price-feeds/tests/Unit/Okex/LiveTickerTest.php" line="34" assertions="1" time="0.540245"/>
        <testcase name="it_can_create_a_model" class="EolabsIo\PriceFeeds\Tests\Unit\Okex\LiveTickerTest" classname="EolabsIo.PriceFeeds.Tests.Unit.Okex.LiveTickerTest" file="/Users/timhall/code/packages/price-feeds/tests/Unit/Okex/LiveTickerTest.php" line="44" assertions="2" time="0.637843"/>
        <testcase name="it_can_find_a_model" class="EolabsIo\PriceFeeds\Tests\Unit\Okex\LiveTickerTest" classname="EolabsIo.PriceFeeds.Tests.Unit.Okex.LiveTickerTest" file="/Users/timhall/code/packages/price-feeds/tests/Unit/Okex/LiveTickerTest.php" line="56" assertions="2" time="0.553834"/>
        <testcase name="it_can_update_a_model" class="EolabsIo\PriceFeeds\Tests\Unit\Okex\LiveTickerTest" classname="EolabsIo.PriceFeeds.Tests.Unit.Okex.LiveTickerTest" file="/Users/timhall/code/packages/price-feeds/tests/Unit/Okex/LiveTickerTest.php" line="68" assertions="2" time="0.595346"/>
        <testcase name="it_can_delete_a_model" class="EolabsIo\PriceFeeds\Tests\Unit\Okex\LiveTickerTest" classname="EolabsIo.PriceFeeds.Tests.Unit.Okex.LiveTickerTest" file="/Users/timhall/code/packages/price-feeds/tests/Unit/Okex/LiveTickerTest.php" line="82" assertions="1" time="0.564960"/>
      </testsuite>
      <testsuite name="EolabsIo\PriceFeeds\Tests\Unit\Okex\TickerSummaryTest" file="/Users/timhall/code/packages/price-feeds/tests/Unit/Okex/TickerSummaryTest.php" tests="5" assertions="8" errors="0" warnings="0" failures="0" skipped="0" time="3.045808">
        <testcase name="it_can_find_models" class="EolabsIo\PriceFeeds\Tests\Unit\Okex\TickerSummaryTest" classname="EolabsIo.PriceFeeds.Tests.Unit.Okex.TickerSummaryTest" file="/Users/timhall/code/packages/price-feeds/tests/Unit/Okex/TickerSummaryTest.php" line="34" assertions="1" time="0.566366"/>
        <testcase name="it_can_create_a_model" class="EolabsIo\PriceFeeds\Tests\Unit\Okex\TickerSummaryTest" classname="EolabsIo.PriceFeeds.Tests.Unit.Okex.TickerSummaryTest" file="/Users/timhall/code/packages/price-feeds/tests/Unit/Okex/TickerSummaryTest.php" line="44" assertions="2" time="0.600740"/>
        <testcase name="it_can_find_a_model" class="EolabsIo\PriceFeeds\Tests\Unit\Okex\TickerSummaryTest" classname="EolabsIo.PriceFeeds.Tests.Unit.Okex.TickerSummaryTest" file="/Users/timhall/code/packages/price-feeds/tests/Unit/Okex/TickerSummaryTest.php" line="56" assertions="2" time="0.606091"/>
        <testcase name="it_can_update_a_model" class="EolabsIo\PriceFeeds\Tests\Unit\Okex\TickerSummaryTest" classname="EolabsIo.PriceFeeds.Tests.Unit.Okex.TickerSummaryTest" file="/Users/timhall/code/packages/price-feeds/tests/Unit/Okex/TickerSummaryTest.php" line="68" assertions="2" time="0.650062"/>
        <testcase name="it_can_delete_a_model" class="EolabsIo\PriceFeeds\Tests\Unit\Okex\TickerSummaryTest" classname="EolabsIo.PriceFeeds.Tests.Unit.Okex.TickerSummaryTest" file="/Users/timhall/code/packages/price-feeds/tests/Unit/Okex/TickerSummaryTest.php" line="82" assertions="1" time="0.622549"/>
      </testsuite>
    </testsuite>
    <testsuite name="Feature" tests="16" assertions="128" errors="0" warnings="0" failures="0" skipped="0" time="9.895837">
      <testsuite name="EolabsIo\PriceFeeds\Tests\Feature\Binance\ProcessLiveTickerResponseTest" file="/Users/timhall/code/packages/price-feeds/tests/Feature/Binance/ProcessLiveTickerResponseTest.php" tests="1" assertions="11" errors="0" warnings="0" failures="0" skipped="0" time="0.551327">
        <testcase name="it_can_process_live_ticker_response" class="EolabsIo\PriceFeeds\Tests\Feature\Binance\ProcessLiveTickerResponseTest" classname="EolabsIo.PriceFeeds.Tests.Feature.Binance.ProcessLiveTickerResponseTest" file="/Users/timhall/code/packages/price-feeds/tests/Feature/Binance/ProcessLiveTickerResponseTest.php" line="20" assertions="11" time="0.551327"/>
      </testsuite>
      <testsuite name="EolabsIo\PriceFeeds\Tests\Feature\Binance\SummarizeLiveTickerTest" file="/Users/timhall/code/packages/price-feeds/tests/Feature/Binance/SummarizeLiveTickerTest.php" tests="1" assertions="5" errors="0" warnings="0" failures="0" skipped="0" time="0.624849">
        <testcase name="it_can_summarize_live_ticker_response" class="EolabsIo\PriceFeeds\Tests\Feature\Binance\SummarizeLiveTickerTest" classname="EolabsIo.PriceFeeds.Tests.Feature.Binance.SummarizeLiveTickerTest" file="/Users/timhall/code/packages/price-feeds/tests/Feature/Binance/SummarizeLiveTickerTest.php" line="22" assertions="5" time="0.624849"/>
      </testsuite>
      <testsuite name="EolabsIo\PriceFeeds\Tests\Feature\Bitfinex\ProcessLiveTickerResponseTest" file="/Users/timhall/code/packages/price-feeds/tests/Feature/Bitfinex/ProcessLiveTickerResponseTest.php" tests="1" assertions="12" errors="0" warnings="0" failures="0" skipped="0" time="0.640738">
        <testcase name="it_can_process_live_ticker_response" class="EolabsIo\PriceFeeds\Tests\Feature\Bitfinex\ProcessLiveTickerResponseTest" classname="EolabsIo.PriceFeeds.Tests.Feature.Bitfinex.ProcessLiveTickerResponseTest" file="/Users/timhall/code/packages/price-feeds/tests/Feature/Bitfinex/ProcessLiveTickerResponseTest.php" line="20" assertions="12" time="0.640738"/>
      </testsuite>
      <testsuite name="EolabsIo\PriceFeeds\Tests\Feature\Bitfinex\SummarizeLiveTickerTest" file="/Users/timhall/code/packages/price-feeds/tests/Feature/Bitfinex/SummarizeLiveTickerTest.php" tests="1" assertions="5" errors="0" warnings="0" failures="0" skipped="0" time="0.622479">
        <testcase name="it_can_summarize_live_ticker_response" class="EolabsIo\PriceFeeds\Tests\Feature\Bitfinex\SummarizeLiveTickerTest" classname="EolabsIo.PriceFeeds.Tests.Feature.Bitfinex.SummarizeLiveTickerTest" file="/Users/timhall/code/packages/price-feeds/tests/Feature/Bitfinex/SummarizeLiveTickerTest.php" line="22" assertions="5" time="0.622479"/>
      </testsuite>
      <testsuite name="EolabsIo\PriceFeeds\Tests\Feature\Bitrue\ProcessLiveTickerResponseTest" file="/Users/timhall/code/packages/price-feeds/tests/Feature/Bitrue/ProcessLiveTickerResponseTest.php" tests="1" assertions="8" errors="0" warnings="0" failures="0" skipped="0" time="0.628181">
        <testcase name="it_can_process_live_ticker_response" class="EolabsIo\PriceFeeds\Tests\Feature\Bitrue\ProcessLiveTickerResponseTest" classname="EolabsIo.PriceFeeds.Tests.Feature.Bitrue.ProcessLiveTickerResponseTest" file="/Users/timhall/code/packages/price-feeds/tests/Feature/Bitrue/ProcessLiveTickerResponseTest.php" line="20" assertions="8" time="0.628181"/>
      </testsuite>
      <testsuite name="EolabsIo\PriceFeeds\Tests\Feature\Bitrue\SummarizeLiveTickerTest" file="/Users/timhall/code/packages/price-feeds/tests/Feature/Bitrue/SummarizeLiveTickerTest.php" tests="1" assertions="5" errors="0" warnings="0" failures="0" skipped="0" time="0.623395">
        <testcase name="it_can_summarize_live_ticker_response" class="EolabsIo\PriceFeeds\Tests\Feature\Bitrue\SummarizeLiveTickerTest" classname="EolabsIo.PriceFeeds.Tests.Feature.Bitrue.SummarizeLiveTickerTest" file="/Users/timhall/code/packages/price-feeds/tests/Feature/Bitrue/SummarizeLiveTickerTest.php" line="22" assertions="5" time="0.623395"/>
      </testsuite>
      <testsuite name="EolabsIo\PriceFeeds\Tests\Feature\Bitstamp\ProcessLiveTickerResponseTest" file="/Users/timhall/code/packages/price-feeds/tests/Feature/Bitstamp/ProcessLiveTickerResponseTest.php" tests="1" assertions="11" errors="0" warnings="0" failures="0" skipped="0" time="0.680771">
        <testcase name="it_can_process_live_ticker_response" class="EolabsIo\PriceFeeds\Tests\Feature\Bitstamp\ProcessLiveTickerResponseTest" classname="EolabsIo.PriceFeeds.Tests.Feature.Bitstamp.ProcessLiveTickerResponseTest" file="/Users/timhall/code/packages/price-feeds/tests/Feature/Bitstamp/ProcessLiveTickerResponseTest.php" line="20" assertions="11" time="0.680771"/>
      </testsuite>
      <testsuite name="EolabsIo\PriceFeeds\Tests\Feature\Bitstamp\SummarizeLiveTickerTest" file="/Users/timhall/code/packages/price-feeds/tests/Feature/Bitstamp/SummarizeLiveTickerTest.php" tests="1" assertions="5" errors="0" warnings="0" failures="0" skipped="0" time="0.637587">
        <testcase name="it_can_summarize_live_ticker_response" class="EolabsIo\PriceFeeds\Tests\Feature\Bitstamp\SummarizeLiveTickerTest" classname="EolabsIo.PriceFeeds.Tests.Feature.Bitstamp.SummarizeLiveTickerTest" file="/Users/timhall/code/packages/price-feeds/tests/Feature/Bitstamp/SummarizeLiveTickerTest.php" line="22" assertions="5" time="0.637587"/>
      </testsuite>
      <testsuite name="EolabsIo\PriceFeeds\Tests\Feature\Coinbase\ProcessLiveTickerResponseTest" file="/Users/timhall/code/packages/price-feeds/tests/Feature/Coinbase/ProcessLiveTickerResponseTest.php" tests="1" assertions="15" errors="0" warnings="0" failures="0" skipped="0" time="0.642835">
        <testcase name="it_can_process_live_ticker_response" class="EolabsIo\PriceFeeds\Tests\Feature\Coinbase\ProcessLiveTickerResponseTest" classname="EolabsIo.PriceFeeds.Tests.Feature.Coinbase.ProcessLiveTickerResponseTest" file="/Users/timhall/code/packages/price-feeds/tests/Feature/Coinbase/ProcessLiveTickerResponseTest.php" line="20" assertions="15" time="0.642835"/>
      </testsuite>
      <testsuite name="EolabsIo\PriceFeeds\Tests\Feature\Coinbase\SummarizeLiveTickerTest" file="/Users/timhall/code/packages/price-feeds/tests/Feature/Coinbase/SummarizeLiveTickerTest.php" tests="1" assertions="5" errors="0" warnings="0" failures="0" skipped="0" time="0.624486">
        <testcase name="it_can_summarize_live_ticker_response" class="EolabsIo\PriceFeeds\Tests\Feature\Coinbase\SummarizeLiveTickerTest" classname="EolabsIo.PriceFeeds.Tests.Feature.Coinbase.SummarizeLiveTickerTest" file="/Users/timhall/code/packages/price-feeds/tests/Feature/Coinbase/SummarizeLiveTickerTest.php" line="22" assertions="5" time="0.624486"/>
      </testsuite>
      <testsuite name="EolabsIo\PriceFeeds\Tests\Feature\Kraken\ProcessLiveTickerResponseTest" file="/Users/timhall/code/packages/price-feeds/tests/Feature/Kraken/ProcessLiveTickerResponseTest.php" tests="1" assertions="7" errors="0" warnings="0" failures="0" skipped="0" time="0.626883">
        <testcase name="it_can_process_live_ticker_response" class="EolabsIo\PriceFeeds\Tests\Feature\Kraken\ProcessLiveTickerResponseTest" classname="EolabsIo.PriceFeeds.Tests.Feature.Kraken.ProcessLiveTickerResponseTest" file="/Users/timhall/code/packages/price-feeds/tests/Feature/Kraken/ProcessLiveTickerResponseTest.php" line="20" assertions="7" time="0.626883"/>
      </testsuite>
      <testsuite name="EolabsIo\PriceFeeds\Tests\Feature\Kraken\SummarizeLiveTickerTest" file="/Users/timhall/code/packages/price-feeds/tests/Feature/Kraken/SummarizeLiveTickerTest.php" tests="1" assertions="5" errors="0" warnings="0" failures="0" skipped="0" time="0.576189">
        <testcase name="it_can_summarize_live_ticker_response" class="EolabsIo\PriceFeeds\Tests\Feature\Kraken\SummarizeLiveTickerTest" classname="EolabsIo.PriceFeeds.Tests.Feature.Kraken.SummarizeLiveTickerTest" file="/Users/timhall/code/packages/price-feeds/tests/Feature/Kraken/SummarizeLiveTickerTest.php" line="22" assertions="5" time="0.576189"/>
      </testsuite>
      <testsuite name="EolabsIo\PriceFeeds\Tests\Feature\Kucoin\ProcessLiveTickerResponseTest" file="/Users/timhall/code/packages/price-feeds/tests/Feature/Kucoin/ProcessLiveTickerResponseTest.php" tests="1" assertions="8" errors="0" warnings="0" failures="0" skipped="0" time="0.558721">
        <testcase name="it_can_process_live_ticker_response" class="EolabsIo\PriceFeeds\Tests\Feature\Kucoin\ProcessLiveTickerResponseTest" classname="EolabsIo.PriceFeeds.Tests.Feature.Kucoin.ProcessLiveTickerResponseTest" file="/Users/timhall/code/packages/price-feeds/tests/Feature/Kucoin/ProcessLiveTickerResponseTest.php" line="20" assertions="8" time="0.558721"/>
      </testsuite>
      <testsuite name="EolabsIo\PriceFeeds\Tests\Feature\Kucoin\SummarizeLiveTickerTest" file="/Users/timhall/code/packages/price-feeds/tests/Feature/Kucoin/SummarizeLiveTickerTest.php" tests="1" assertions="5" errors="0" warnings="0" failures="0" skipped="0" time="0.615492">
        <testcase name="it_can_summarize_live_ticker_response" class="EolabsIo\PriceFeeds\Tests\Feature\Kucoin\SummarizeLiveTickerTest" classname="EolabsIo.PriceFeeds.Tests.Feature.Kucoin.SummarizeLiveTickerTest" file="/Users/timhall/code/packages/price-feeds/tests/Feature/Kucoin/SummarizeLiveTickerTest.php" line="22" assertions="5" time="0.615492"/>
      </testsuite>
      <testsuite name="EolabsIo\PriceFeeds\Tests\Feature\Okex\ProcessLiveTickerResponseTest" file="/Users/timhall/code/packages/price-feeds/tests/Feature/Okex/ProcessLiveTickerResponseTest.php" tests="1" assertions="16" errors="0" warnings="0" failures="0" skipped="0" time="0.592736">
        <testcase name="it_can_process_live_ticker_response" class="EolabsIo\PriceFeeds\Tests\Feature\Okex\ProcessLiveTickerResponseTest" classname="EolabsIo.PriceFeeds.Tests.Feature.Okex.ProcessLiveTickerResponseTest" file="/Users/timhall/code/packages/price-feeds/tests/Feature/Okex/ProcessLiveTickerResponseTest.php" line="21" assertions="16" time="0.592736"/>
      </testsuite>
      <testsuite name="EolabsIo\PriceFeeds\Tests\Feature\Okex\SummarizeLiveTickerTest" file="/Users/timhall/code/packages/price-feeds/tests/Feature/Okex/SummarizeLiveTickerTest.php" tests="1" assertions="5" errors="0" warnings="0" failures="0" skipped="0" time="0.649169">
        <testcase name="it_can_summarize_live_ticker_response" class="EolabsIo\PriceFeeds\Tests\Feature\Okex\SummarizeLiveTickerTest" classname="EolabsIo.PriceFeeds.Tests.Feature.Okex.SummarizeLiveTickerTest" file="/Users/timhall/code/packages/price-feeds/tests/Feature/Okex/SummarizeLiveTickerTest.php" line="22" assertions="5" time="0.649169"/>
      </testsuite>
    </testsuite>
  </testsuite>
</testsuites>
