<?xml version="1.0" encoding="UTF-8"?>
<testsuites>
  <testsuite name="" tests="48" assertions="152" errors="0" warnings="0" failures="0" skipped="0" time="0.787508">
    <testsuite name="Unit" tests="40" assertions="64" errors="0" warnings="0" failures="0" skipped="0" time="0.665257">
      <testsuite name="EolabsIo\PriceFeeds\Tests\Unit\Binance\LiveTickerTest" file="/Users/timhall/code/packages/price-feeds/tests/Unit/Binance/LiveTickerTest.php" tests="5" assertions="8" errors="0" warnings="0" failures="0" skipped="0" time="0.150326">
        <testcase name="it_can_find_models" class="EolabsIo\PriceFeeds\Tests\Unit\Binance\LiveTickerTest" classname="EolabsIo.PriceFeeds.Tests.Unit.Binance.LiveTickerTest" file="/Users/timhall/code/packages/price-feeds/tests/Unit/Binance/LiveTickerTest.php" line="34" assertions="1" time="0.101991"/>
        <testcase name="it_can_create_a_model" class="EolabsIo\PriceFeeds\Tests\Unit\Binance\LiveTickerTest" classname="EolabsIo.PriceFeeds.Tests.Unit.Binance.LiveTickerTest" file="/Users/timhall/code/packages/price-feeds/tests/Unit/Binance/LiveTickerTest.php" line="44" assertions="2" time="0.012648"/>
        <testcase name="it_can_find_a_model" class="EolabsIo\PriceFeeds\Tests\Unit\Binance\LiveTickerTest" classname="EolabsIo.PriceFeeds.Tests.Unit.Binance.LiveTickerTest" file="/Users/timhall/code/packages/price-feeds/tests/Unit/Binance/LiveTickerTest.php" line="56" assertions="2" time="0.012275"/>
        <testcase name="it_can_update_a_model" class="EolabsIo\PriceFeeds\Tests\Unit\Binance\LiveTickerTest" classname="EolabsIo.PriceFeeds.Tests.Unit.Binance.LiveTickerTest" file="/Users/timhall/code/packages/price-feeds/tests/Unit/Binance/LiveTickerTest.php" line="68" assertions="2" time="0.011828"/>
        <testcase name="it_can_delete_a_model" class="EolabsIo\PriceFeeds\Tests\Unit\Binance\LiveTickerTest" classname="EolabsIo.PriceFeeds.Tests.Unit.Binance.LiveTickerTest" file="/Users/timhall/code/packages/price-feeds/tests/Unit/Binance/LiveTickerTest.php" line="82" assertions="1" time="0.011584"/>
      </testsuite>
      <testsuite name="EolabsIo\PriceFeeds\Tests\Unit\Bitfinex\LiveTickerTest" file="/Users/timhall/code/packages/price-feeds/tests/Unit/Bitfinex/LiveTickerTest.php" tests="5" assertions="8" errors="0" warnings="0" failures="0" skipped="0" time="0.075089">
        <testcase name="it_can_find_models" class="EolabsIo\PriceFeeds\Tests\Unit\Bitfinex\LiveTickerTest" classname="EolabsIo.PriceFeeds.Tests.Unit.Bitfinex.LiveTickerTest" file="/Users/timhall/code/packages/price-feeds/tests/Unit/Bitfinex/LiveTickerTest.php" line="34" assertions="1" time="0.021553"/>
        <testcase name="it_can_create_a_model" class="EolabsIo\PriceFeeds\Tests\Unit\Bitfinex\LiveTickerTest" classname="EolabsIo.PriceFeeds.Tests.Unit.Bitfinex.LiveTickerTest" file="/Users/timhall/code/packages/price-feeds/tests/Unit/Bitfinex/LiveTickerTest.php" line="44" assertions="2" time="0.014001"/>
        <testcase name="it_can_find_a_model" class="EolabsIo\PriceFeeds\Tests\Unit\Bitfinex\LiveTickerTest" classname="EolabsIo.PriceFeeds.Tests.Unit.Bitfinex.LiveTickerTest" file="/Users/timhall/code/packages/price-feeds/tests/Unit/Bitfinex/LiveTickerTest.php" line="56" assertions="2" time="0.013713"/>
        <testcase name="it_can_update_a_model" class="EolabsIo\PriceFeeds\Tests\Unit\Bitfinex\LiveTickerTest" classname="EolabsIo.PriceFeeds.Tests.Unit.Bitfinex.LiveTickerTest" file="/Users/timhall/code/packages/price-feeds/tests/Unit/Bitfinex/LiveTickerTest.php" line="68" assertions="2" time="0.012456"/>
        <testcase name="it_can_delete_a_model" class="EolabsIo\PriceFeeds\Tests\Unit\Bitfinex\LiveTickerTest" classname="EolabsIo.PriceFeeds.Tests.Unit.Bitfinex.LiveTickerTest" file="/Users/timhall/code/packages/price-feeds/tests/Unit/Bitfinex/LiveTickerTest.php" line="82" assertions="1" time="0.013366"/>
      </testsuite>
      <testsuite name="EolabsIo\PriceFeeds\Tests\Unit\Bitrue\LiveTickerTest" file="/Users/timhall/code/packages/price-feeds/tests/Unit/Bitrue/LiveTickerTest.php" tests="5" assertions="8" errors="0" warnings="0" failures="0" skipped="0" time="0.068922">
        <testcase name="it_can_find_models" class="EolabsIo\PriceFeeds\Tests\Unit\Bitrue\LiveTickerTest" classname="EolabsIo.PriceFeeds.Tests.Unit.Bitrue.LiveTickerTest" file="/Users/timhall/code/packages/price-feeds/tests/Unit/Bitrue/LiveTickerTest.php" line="34" assertions="1" time="0.016236"/>
        <testcase name="it_can_create_a_model" class="EolabsIo\PriceFeeds\Tests\Unit\Bitrue\LiveTickerTest" classname="EolabsIo.PriceFeeds.Tests.Unit.Bitrue.LiveTickerTest" file="/Users/timhall/code/packages/price-feeds/tests/Unit/Bitrue/LiveTickerTest.php" line="44" assertions="2" time="0.013886"/>
        <testcase name="it_can_find_a_model" class="EolabsIo\PriceFeeds\Tests\Unit\Bitrue\LiveTickerTest" classname="EolabsIo.PriceFeeds.Tests.Unit.Bitrue.LiveTickerTest" file="/Users/timhall/code/packages/price-feeds/tests/Unit/Bitrue/LiveTickerTest.php" line="56" assertions="2" time="0.013195"/>
        <testcase name="it_can_update_a_model" class="EolabsIo\PriceFeeds\Tests\Unit\Bitrue\LiveTickerTest" classname="EolabsIo.PriceFeeds.Tests.Unit.Bitrue.LiveTickerTest" file="/Users/timhall/code/packages/price-feeds/tests/Unit/Bitrue/LiveTickerTest.php" line="68" assertions="2" time="0.012203"/>
        <testcase name="it_can_delete_a_model" class="EolabsIo\PriceFeeds\Tests\Unit\Bitrue\LiveTickerTest" classname="EolabsIo.PriceFeeds.Tests.Unit.Bitrue.LiveTickerTest" file="/Users/timhall/code/packages/price-feeds/tests/Unit/Bitrue/LiveTickerTest.php" line="82" assertions="1" time="0.013402"/>
      </testsuite>
      <testsuite name="EolabsIo\PriceFeeds\Tests\Unit\Bitstamp\LiveTickerTest" file="/Users/timhall/code/packages/price-feeds/tests/Unit/Bitstamp/LiveTickerTest.php" tests="5" assertions="8" errors="0" warnings="0" failures="0" skipped="0" time="0.076136">
        <testcase name="it_can_find_models" class="EolabsIo\PriceFeeds\Tests\Unit\Bitstamp\LiveTickerTest" classname="EolabsIo.PriceFeeds.Tests.Unit.Bitstamp.LiveTickerTest" file="/Users/timhall/code/packages/price-feeds/tests/Unit/Bitstamp/LiveTickerTest.php" line="34" assertions="1" time="0.018831"/>
        <testcase name="it_can_create_a_model" class="EolabsIo\PriceFeeds\Tests\Unit\Bitstamp\LiveTickerTest" classname="EolabsIo.PriceFeeds.Tests.Unit.Bitstamp.LiveTickerTest" file="/Users/timhall/code/packages/price-feeds/tests/Unit/Bitstamp/LiveTickerTest.php" line="44" assertions="2" time="0.014176"/>
        <testcase name="it_can_find_a_model" class="EolabsIo\PriceFeeds\Tests\Unit\Bitstamp\LiveTickerTest" classname="EolabsIo.PriceFeeds.Tests.Unit.Bitstamp.LiveTickerTest" file="/Users/timhall/code/packages/price-feeds/tests/Unit/Bitstamp/LiveTickerTest.php" line="56" assertions="2" time="0.013526"/>
        <testcase name="it_can_update_a_model" class="EolabsIo\PriceFeeds\Tests\Unit\Bitstamp\LiveTickerTest" classname="EolabsIo.PriceFeeds.Tests.Unit.Bitstamp.LiveTickerTest" file="/Users/timhall/code/packages/price-feeds/tests/Unit/Bitstamp/LiveTickerTest.php" line="68" assertions="2" time="0.013756"/>
        <testcase name="it_can_delete_a_model" class="EolabsIo\PriceFeeds\Tests\Unit\Bitstamp\LiveTickerTest" classname="EolabsIo.PriceFeeds.Tests.Unit.Bitstamp.LiveTickerTest" file="/Users/timhall/code/packages/price-feeds/tests/Unit/Bitstamp/LiveTickerTest.php" line="82" assertions="1" time="0.015847"/>
      </testsuite>
      <testsuite name="EolabsIo\PriceFeeds\Tests\Unit\Coinbase\LiveTickerTest" file="/Users/timhall/code/packages/price-feeds/tests/Unit/Coinbase/LiveTickerTest.php" tests="5" assertions="8" errors="0" warnings="0" failures="0" skipped="0" time="0.071988">
        <testcase name="it_can_find_models" class="EolabsIo\PriceFeeds\Tests\Unit\Coinbase\LiveTickerTest" classname="EolabsIo.PriceFeeds.Tests.Unit.Coinbase.LiveTickerTest" file="/Users/timhall/code/packages/price-feeds/tests/Unit/Coinbase/LiveTickerTest.php" line="34" assertions="1" time="0.019041"/>
        <testcase name="it_can_create_a_model" class="EolabsIo\PriceFeeds\Tests\Unit\Coinbase\LiveTickerTest" classname="EolabsIo.PriceFeeds.Tests.Unit.Coinbase.LiveTickerTest" file="/Users/timhall/code/packages/price-feeds/tests/Unit/Coinbase/LiveTickerTest.php" line="44" assertions="2" time="0.014551"/>
        <testcase name="it_can_find_a_model" class="EolabsIo\PriceFeeds\Tests\Unit\Coinbase\LiveTickerTest" classname="EolabsIo.PriceFeeds.Tests.Unit.Coinbase.LiveTickerTest" file="/Users/timhall/code/packages/price-feeds/tests/Unit/Coinbase/LiveTickerTest.php" line="56" assertions="2" time="0.013876"/>
        <testcase name="it_can_update_a_model" class="EolabsIo\PriceFeeds\Tests\Unit\Coinbase\LiveTickerTest" classname="EolabsIo.PriceFeeds.Tests.Unit.Coinbase.LiveTickerTest" file="/Users/timhall/code/packages/price-feeds/tests/Unit/Coinbase/LiveTickerTest.php" line="68" assertions="2" time="0.013451"/>
        <testcase name="it_can_delete_a_model" class="EolabsIo\PriceFeeds\Tests\Unit\Coinbase\LiveTickerTest" classname="EolabsIo.PriceFeeds.Tests.Unit.Coinbase.LiveTickerTest" file="/Users/timhall/code/packages/price-feeds/tests/Unit/Coinbase/LiveTickerTest.php" line="82" assertions="1" time="0.011068"/>
      </testsuite>
      <testsuite name="EolabsIo\PriceFeeds\Tests\Unit\Kraken\LiveTickerTest" file="/Users/timhall/code/packages/price-feeds/tests/Unit/Kraken/LiveTickerTest.php" tests="5" assertions="8" errors="0" warnings="0" failures="0" skipped="0" time="0.075503">
        <testcase name="it_can_find_models" class="EolabsIo\PriceFeeds\Tests\Unit\Kraken\LiveTickerTest" classname="EolabsIo.PriceFeeds.Tests.Unit.Kraken.LiveTickerTest" file="/Users/timhall/code/packages/price-feeds/tests/Unit/Kraken/LiveTickerTest.php" line="34" assertions="1" time="0.017060"/>
        <testcase name="it_can_create_a_model" class="EolabsIo\PriceFeeds\Tests\Unit\Kraken\LiveTickerTest" classname="EolabsIo.PriceFeeds.Tests.Unit.Kraken.LiveTickerTest" file="/Users/timhall/code/packages/price-feeds/tests/Unit/Kraken/LiveTickerTest.php" line="44" assertions="2" time="0.015303"/>
        <testcase name="it_can_find_a_model" class="EolabsIo\PriceFeeds\Tests\Unit\Kraken\LiveTickerTest" classname="EolabsIo.PriceFeeds.Tests.Unit.Kraken.LiveTickerTest" file="/Users/timhall/code/packages/price-feeds/tests/Unit/Kraken/LiveTickerTest.php" line="56" assertions="2" time="0.013627"/>
        <testcase name="it_can_update_a_model" class="EolabsIo\PriceFeeds\Tests\Unit\Kraken\LiveTickerTest" classname="EolabsIo.PriceFeeds.Tests.Unit.Kraken.LiveTickerTest" file="/Users/timhall/code/packages/price-feeds/tests/Unit/Kraken/LiveTickerTest.php" line="68" assertions="2" time="0.013921"/>
        <testcase name="it_can_delete_a_model" class="EolabsIo\PriceFeeds\Tests\Unit\Kraken\LiveTickerTest" classname="EolabsIo.PriceFeeds.Tests.Unit.Kraken.LiveTickerTest" file="/Users/timhall/code/packages/price-feeds/tests/Unit/Kraken/LiveTickerTest.php" line="82" assertions="1" time="0.015592"/>
      </testsuite>
      <testsuite name="EolabsIo\PriceFeeds\Tests\Unit\Kucoin\LiveTickerTest" file="/Users/timhall/code/packages/price-feeds/tests/Unit/Kucoin/LiveTickerTest.php" tests="5" assertions="8" errors="0" warnings="0" failures="0" skipped="0" time="0.073197">
        <testcase name="it_can_find_models" class="EolabsIo\PriceFeeds\Tests\Unit\Kucoin\LiveTickerTest" classname="EolabsIo.PriceFeeds.Tests.Unit.Kucoin.LiveTickerTest" file="/Users/timhall/code/packages/price-feeds/tests/Unit/Kucoin/LiveTickerTest.php" line="34" assertions="1" time="0.018334"/>
        <testcase name="it_can_create_a_model" class="EolabsIo\PriceFeeds\Tests\Unit\Kucoin\LiveTickerTest" classname="EolabsIo.PriceFeeds.Tests.Unit.Kucoin.LiveTickerTest" file="/Users/timhall/code/packages/price-feeds/tests/Unit/Kucoin/LiveTickerTest.php" line="44" assertions="2" time="0.014417"/>
        <testcase name="it_can_find_a_model" class="EolabsIo\PriceFeeds\Tests\Unit\Kucoin\LiveTickerTest" classname="EolabsIo.PriceFeeds.Tests.Unit.Kucoin.LiveTickerTest" file="/Users/timhall/code/packages/price-feeds/tests/Unit/Kucoin/LiveTickerTest.php" line="56" assertions="2" time="0.013917"/>
        <testcase name="it_can_update_a_model" class="EolabsIo\PriceFeeds\Tests\Unit\Kucoin\LiveTickerTest" classname="EolabsIo.PriceFeeds.Tests.Unit.Kucoin.LiveTickerTest" file="/Users/timhall/code/packages/price-feeds/tests/Unit/Kucoin/LiveTickerTest.php" line="68" assertions="2" time="0.013813"/>
        <testcase name="it_can_delete_a_model" class="EolabsIo\PriceFeeds\Tests\Unit\Kucoin\LiveTickerTest" classname="EolabsIo.PriceFeeds.Tests.Unit.Kucoin.LiveTickerTest" file="/Users/timhall/code/packages/price-feeds/tests/Unit/Kucoin/LiveTickerTest.php" line="82" assertions="1" time="0.012717"/>
      </testsuite>
      <testsuite name="EolabsIo\PriceFeeds\Tests\Unit\Okex\LiveTickerTest" file="/Users/timhall/code/packages/price-feeds/tests/Unit/Okex/LiveTickerTest.php" tests="5" assertions="8" errors="0" warnings="0" failures="0" skipped="0" time="0.074097">
        <testcase name="it_can_find_models" class="EolabsIo\PriceFeeds\Tests\Unit\Okex\LiveTickerTest" classname="EolabsIo.PriceFeeds.Tests.Unit.Okex.LiveTickerTest" file="/Users/timhall/code/packages/price-feeds/tests/Unit/Okex/LiveTickerTest.php" line="34" assertions="1" time="0.018922"/>
        <testcase name="it_can_create_a_model" class="EolabsIo\PriceFeeds\Tests\Unit\Okex\LiveTickerTest" classname="EolabsIo.PriceFeeds.Tests.Unit.Okex.LiveTickerTest" file="/Users/timhall/code/packages/price-feeds/tests/Unit/Okex/LiveTickerTest.php" line="44" assertions="2" time="0.013962"/>
        <testcase name="it_can_find_a_model" class="EolabsIo\PriceFeeds\Tests\Unit\Okex\LiveTickerTest" classname="EolabsIo.PriceFeeds.Tests.Unit.Okex.LiveTickerTest" file="/Users/timhall/code/packages/price-feeds/tests/Unit/Okex/LiveTickerTest.php" line="56" assertions="2" time="0.013586"/>
        <testcase name="it_can_update_a_model" class="EolabsIo\PriceFeeds\Tests\Unit\Okex\LiveTickerTest" classname="EolabsIo.PriceFeeds.Tests.Unit.Okex.LiveTickerTest" file="/Users/timhall/code/packages/price-feeds/tests/Unit/Okex/LiveTickerTest.php" line="68" assertions="2" time="0.013792"/>
        <testcase name="it_can_delete_a_model" class="EolabsIo\PriceFeeds\Tests\Unit\Okex\LiveTickerTest" classname="EolabsIo.PriceFeeds.Tests.Unit.Okex.LiveTickerTest" file="/Users/timhall/code/packages/price-feeds/tests/Unit/Okex/LiveTickerTest.php" line="82" assertions="1" time="0.013835"/>
      </testsuite>
    </testsuite>
    <testsuite name="Feature" tests="8" assertions="88" errors="0" warnings="0" failures="0" skipped="0" time="0.122251">
      <testsuite name="EolabsIo\PriceFeeds\Tests\Feature\Binance\ProcessLiveTickerResponseTest" file="/Users/timhall/code/packages/price-feeds/tests/Feature/Binance/ProcessLiveTickerResponseTest.php" tests="1" assertions="11" errors="0" warnings="0" failures="0" skipped="0" time="0.014405">
        <testcase name="it_can_process_live_ticker_response" class="EolabsIo\PriceFeeds\Tests\Feature\Binance\ProcessLiveTickerResponseTest" classname="EolabsIo.PriceFeeds.Tests.Feature.Binance.ProcessLiveTickerResponseTest" file="/Users/timhall/code/packages/price-feeds/tests/Feature/Binance/ProcessLiveTickerResponseTest.php" line="23" assertions="11" time="0.014405"/>
      </testsuite>
      <testsuite name="EolabsIo\PriceFeeds\Tests\Feature\Bitfinex\ProcessLiveTickerResponseTest" file="/Users/timhall/code/packages/price-feeds/tests/Feature/Bitfinex/ProcessLiveTickerResponseTest.php" tests="1" assertions="12" errors="0" warnings="0" failures="0" skipped="0" time="0.014429">
        <testcase name="it_can_process_live_ticker_response" class="EolabsIo\PriceFeeds\Tests\Feature\Bitfinex\ProcessLiveTickerResponseTest" classname="EolabsIo.PriceFeeds.Tests.Feature.Bitfinex.ProcessLiveTickerResponseTest" file="/Users/timhall/code/packages/price-feeds/tests/Feature/Bitfinex/ProcessLiveTickerResponseTest.php" line="23" assertions="12" time="0.014429"/>
      </testsuite>
      <testsuite name="EolabsIo\PriceFeeds\Tests\Feature\Bitrue\ProcessLiveTickerResponseTest" file="/Users/timhall/code/packages/price-feeds/tests/Feature/Bitrue/ProcessLiveTickerResponseTest.php" tests="1" assertions="8" errors="0" warnings="0" failures="0" skipped="0" time="0.015272">
        <testcase name="it_can_process_live_ticker_response" class="EolabsIo\PriceFeeds\Tests\Feature\Bitrue\ProcessLiveTickerResponseTest" classname="EolabsIo.PriceFeeds.Tests.Feature.Bitrue.ProcessLiveTickerResponseTest" file="/Users/timhall/code/packages/price-feeds/tests/Feature/Bitrue/ProcessLiveTickerResponseTest.php" line="23" assertions="8" time="0.015272"/>
      </testsuite>
      <testsuite name="EolabsIo\PriceFeeds\Tests\Feature\Bitstamp\ProcessLiveTickerResponseTest" file="/Users/timhall/code/packages/price-feeds/tests/Feature/Bitstamp/ProcessLiveTickerResponseTest.php" tests="1" assertions="11" errors="0" warnings="0" failures="0" skipped="0" time="0.014038">
        <testcase name="it_can_process_live_ticker_response" class="EolabsIo\PriceFeeds\Tests\Feature\Bitstamp\ProcessLiveTickerResponseTest" classname="EolabsIo.PriceFeeds.Tests.Feature.Bitstamp.ProcessLiveTickerResponseTest" file="/Users/timhall/code/packages/price-feeds/tests/Feature/Bitstamp/ProcessLiveTickerResponseTest.php" line="23" assertions="11" time="0.014038"/>
      </testsuite>
      <testsuite name="EolabsIo\PriceFeeds\Tests\Feature\Coinbase\ProcessLiveTickerResponseTest" file="/Users/timhall/code/packages/price-feeds/tests/Feature/Coinbase/ProcessLiveTickerResponseTest.php" tests="1" assertions="15" errors="0" warnings="0" failures="0" skipped="0" time="0.015014">
        <testcase name="it_can_process_live_ticker_response" class="EolabsIo\PriceFeeds\Tests\Feature\Coinbase\ProcessLiveTickerResponseTest" classname="EolabsIo.PriceFeeds.Tests.Feature.Coinbase.ProcessLiveTickerResponseTest" file="/Users/timhall/code/packages/price-feeds/tests/Feature/Coinbase/ProcessLiveTickerResponseTest.php" line="23" assertions="15" time="0.015014"/>
      </testsuite>
      <testsuite name="EolabsIo\PriceFeeds\Tests\Feature\Kraken\ProcessLiveTickerResponseTest" file="/Users/timhall/code/packages/price-feeds/tests/Feature/Kraken/ProcessLiveTickerResponseTest.php" tests="1" assertions="7" errors="0" warnings="0" failures="0" skipped="0" time="0.015443">
        <testcase name="it_can_process_live_ticker_response" class="EolabsIo\PriceFeeds\Tests\Feature\Kraken\ProcessLiveTickerResponseTest" classname="EolabsIo.PriceFeeds.Tests.Feature.Kraken.ProcessLiveTickerResponseTest" file="/Users/timhall/code/packages/price-feeds/tests/Feature/Kraken/ProcessLiveTickerResponseTest.php" line="23" assertions="7" time="0.015443"/>
      </testsuite>
      <testsuite name="EolabsIo\PriceFeeds\Tests\Feature\Kucoin\ProcessLiveTickerResponseTest" file="/Users/timhall/code/packages/price-feeds/tests/Feature/Kucoin/ProcessLiveTickerResponseTest.php" tests="1" assertions="8" errors="0" warnings="0" failures="0" skipped="0" time="0.014947">
        <testcase name="it_can_process_live_ticker_response" class="EolabsIo\PriceFeeds\Tests\Feature\Kucoin\ProcessLiveTickerResponseTest" classname="EolabsIo.PriceFeeds.Tests.Feature.Kucoin.ProcessLiveTickerResponseTest" file="/Users/timhall/code/packages/price-feeds/tests/Feature/Kucoin/ProcessLiveTickerResponseTest.php" line="23" assertions="8" time="0.014947"/>
      </testsuite>
      <testsuite name="EolabsIo\PriceFeeds\Tests\Feature\Okex\ProcessLiveTickerResponseTest" file="/Users/timhall/code/packages/price-feeds/tests/Feature/Okex/ProcessLiveTickerResponseTest.php" tests="1" assertions="16" errors="0" warnings="0" failures="0" skipped="0" time="0.018703">
        <testcase name="it_can_process_live_ticker_response" class="EolabsIo\PriceFeeds\Tests\Feature\Okex\ProcessLiveTickerResponseTest" classname="EolabsIo.PriceFeeds.Tests.Feature.Okex.ProcessLiveTickerResponseTest" file="/Users/timhall/code/packages/price-feeds/tests/Feature/Okex/ProcessLiveTickerResponseTest.php" line="23" assertions="16" time="0.018703"/>
      </testsuite>
    </testsuite>
  </testsuite>
</testsuites>
